#
# There is insufficient memory for the Java Runtime Environment to continue.
# Native memory allocation (malloc) failed to allocate 1048576 bytes for AllocateHeap
# Possible reasons:
#   The system is out of physical RAM or swap space
#   The process is running with CompressedOops enabled, and the Java Heap may be blocking the growth of the native heap
# Possible solutions:
#   Reduce memory load on the system
#   Increase physical memory or swap space
#   Check if swap backing store is full
#   Decrease Java heap size (-Xmx/-Xms)
#   Decrease number of Java threads
#   Decrease Java thread stack sizes (-Xss)
#   Set larger code cache with -XX:ReservedCodeCacheSize=
#   JVM is running with Unscaled Compressed Oops mode in which the Java heap is
#     placed in the first 4GB address space. The Java Heap base address is the
#     maximum limit for the native heap growth. Please use -XX:HeapBaseMinAddress
#     to set the Java Heap base and to place the Java Heap above 4GB virtual address.
# This output file may be truncated or incomplete.
#
#  Out of Memory Error (allocation.cpp:44), pid=24400, tid=20284
#
# JRE version:  (17.0.10+7) (build )
# Java VM: OpenJDK 64-Bit Server VM (17.0.10+7, mixed mode, tiered, compressed oops, compressed class ptrs, parallel gc, windows-amd64)
# No core dump will be written. Minidumps are not enabled by default on client versions of Windows
#

---------------  S U M M A R Y ------------

Command Line: --add-modules=ALL-SYSTEM --add-opens=java.base/java.util=ALL-UNNAMED --add-opens=java.base/java.lang=ALL-UNNAMED --add-opens=java.base/sun.nio.fs=ALL-UNNAMED -Declipse.application=org.eclipse.jdt.ls.core.id1 -Dosgi.bundles.defaultStartLevel=4 -Declipse.product=org.eclipse.jdt.ls.core.product -Djava.import.generatesMetadataFilesAtProjectRoot=false -DDetectVMInstallationsJob.disabled=true -Dfile.encoding=utf8 -XX:+UseParallelGC -XX:GCTimeRatio=4 -XX:AdaptiveSizePolicyWeight=90 -Dsun.zip.disableMemoryMapping=true -Xmx1G -Xms100m -Xlog:disable -javaagent:c:\Users\sarth\.vscode\extensions\redhat.java-1.30.0-win32-x64\lombok\lombok-1.18.32.jar c:\Users\sarth\.vscode\extensions\redhat.java-1.30.0-win32-x64\server\plugins\org.eclipse.equinox.launcher_1.6.800.v20240330-1250.jar -configuration c:\Users\sarth\AppData\Roaming\Code\User\globalStorage\redhat.java\1.30.0\config_ss_win -data c:\Users\sarth\AppData\Roaming\Code\User\workspaceStorage\bcd0c19d97ed79787fdf02956d3a4187\redhat.java\ss_ws --pipe=\\.\pipe\lsp-5fc6753cdbc4de8089dc3416977ded60-sock

Host: AMD Ryzen 5 5600H with Radeon Graphics         , 12 cores, 7G,  Windows 11 , 64 bit Build 22621 (10.0.22621.3374)
Time: Thu May  9 01:20:14 2024 India Standard Time elapsed time: 0.105754 seconds (0d 0h 0m 0s)

---------------  T H R E A D  ---------------

Current thread (0x000001d5e4290a70):  JavaThread "Unknown thread" [_thread_in_vm, id=20284, stack(0x0000003ef2d00000,0x0000003ef2e00000)]

Stack: [0x0000003ef2d00000,0x0000003ef2e00000]
Native frames: (J=compiled Java code, j=interpreted, Vv=VM code, C=native code)
V  [jvm.dll+0x67d2c9]
V  [jvm.dll+0x834afa]
V  [jvm.dll+0x8365be]
V  [jvm.dll+0x836c23]
V  [jvm.dll+0x2477ff]
V  [jvm.dll+0xa6c93]
V  [jvm.dll+0x6bae63]
V  [jvm.dll+0x6bb9df]
V  [jvm.dll+0x689a48]
V  [jvm.dll+0x806a7b]
V  [jvm.dll+0x36c774]
V  [jvm.dll+0x7e4e06]
V  [jvm.dll+0x3eff3f]
V  [jvm.dll+0x3f1b71]
C  [jli.dll+0x528f]
C  [ucrtbase.dll+0x29333]
C  [KERNEL32.DLL+0x1257d]
C  [ntdll.dll+0x5aa48]


---------------  P R O C E S S  ---------------

Threads class SMR info:
_java_thread_list=0x00007ffd4cc7ee98, length=0, elements={
}

Java Threads: ( => current thread )

Other Threads:
  0x000001d5e42a3e60 GCTaskThread "GC Thread#0" [stack: 0x0000003ef2e00000,0x0000003ef2f00000] [id=31400]

=>0x000001d5e4290a70 (exited) JavaThread "Unknown thread" [_thread_in_vm, id=20284, stack(0x0000003ef2d00000,0x0000003ef2e00000)]

Threads with active compile tasks:

VM state: not at safepoint (normal execution)

VM Mutex/Monitor currently owned by a thread: None

Heap address: 0x00000000c0000000, size: 1024 MB, Compressed Oops mode: 32-bit

CDS archive(s) not mapped
Compressed class space mapped at: 0x0000000100000000-0x0000000140000000, reserved size: 1073741824
Narrow klass base: 0x0000000000000000, Narrow klass shift: 3, Narrow klass range: 0x140000000

GC Precious Log:
 CPUs: 12 total, 12 available
 Memory: 7521M
 Large Page Support: Disabled
 NUMA Support: Disabled
 Compressed Oops: Enabled (32-bit)
 Alignments: Space 512K, Generation 512K, Heap 2M
 Heap Min Capacity: 100M
 Heap Initial Capacity: 100M
 Heap Max Capacity: 1G
 Pre-touch: Disabled
 Parallel Workers: 10

Heap:
 PSYoungGen      total 29696K, used 512K [0x00000000eab00000, 0x00000000ecc00000, 0x0000000100000000)
  eden space 25600K, 2% used [0x00000000eab00000,0x00000000eab80070,0x00000000ec400000)
  from space 4096K, 0% used [0x00000000ec800000,0x00000000ec800000,0x00000000ecc00000)
  to   space 4096K, 0% used [0x00000000ec400000,0x00000000ec400000,0x00000000ec800000)
 ParOldGen       total 68608K, used 0K [0x00000000c0000000, 0x00000000c4300000, 0x00000000eab00000)
  object space 68608K, 0% used [0x00000000c0000000,0x00000000c0000000,0x00000000c4300000)
 Metaspace       used 1149K, committed 1216K, reserved 1114112K
  class space    used 101K, committed 128K, reserved 1048576K

Card table byte_map: [0x000001d5e3c20000,0x000001d5e3e30000] _byte_map_base: 0x000001d5e3620000

Marking Bits: (ParMarkBitMap*) 0x00007ffd4cced7d0
 Begin Bits: [0x000001d5f5f20000, 0x000001d5f6f20000)
 End Bits:   [0x000001d5f6f20000, 0x000001d5f7f20000)

Polling page: 0x000001d5e1f50000

Metaspace:

Usage:
  Non-class:      1.02 MB used.
      Class:    101.05 KB used.
       Both:      1.12 MB used.

Virtual space:
  Non-class space:       64.00 MB reserved,       1.06 MB (  2%) committed,  1 nodes.
      Class space:        1.00 GB reserved,     128.00 KB ( <1%) committed,  1 nodes.
             Both:        1.06 GB reserved,       1.19 MB ( <1%) committed. 

Chunk freelists:
   Non-Class:  12.00 MB
       Class:  15.75 MB
        Both:  27.75 MB

MaxMetaspaceSize: unlimited
CompressedClassSpaceSize: 1.00 GB
Initial GC threshold: 21.00 MB
Current GC threshold: 17179869184.00 GB
CDS: off
MetaspaceReclaimPolicy: balanced
 - commit_granule_bytes: 65536.
 - commit_granule_words: 8192.
 - virtual_space_node_default_size: 8388608.
 - enlarge_chunks_in_place: 1.
 - new_chunks_are_fully_committed: 0.
 - uncommit_free_chunks: 1.
 - use_allocation_guard: 0.
 - handle_deallocations: 1.


Internal statistics:

num_allocs_failed_limit: 0.
num_arena_births: 2.
num_arena_deaths: 0.
num_vsnodes_births: 2.
num_vsnodes_deaths: 0.
num_space_committed: 19.
num_space_uncommitted: 0.
num_chunks_returned_to_freelist: 0.
num_chunks_taken_from_freelist: 3.
num_chunk_merges: 0.
num_chunk_splits: 2.
num_chunks_enlarged: 0.
num_inconsistent_stats: 0.

CodeHeap 'non-profiled nmethods': size=120000Kb used=0Kb max_used=0Kb free=120000Kb
 bounds [0x000001d5ee9f0000, 0x000001d5eec60000, 0x000001d5f5f20000]
CodeHeap 'profiled nmethods': size=120000Kb used=0Kb max_used=0Kb free=120000Kb
 bounds [0x000001d5e6f20000, 0x000001d5e7190000, 0x000001d5ee450000]
CodeHeap 'non-nmethods': size=5760Kb used=202Kb max_used=353Kb free=5557Kb
 bounds [0x000001d5ee450000, 0x000001d5ee6c0000, 0x000001d5ee9f0000]
 total_blobs=66 nmethods=0 adapters=47
 compilation: enabled
              stopped_count=0, restarted_count=0
 full_count=0

Compilation events (0 events):
No events

GC Heap History (0 events):
No events

Dll operation events (1 events):
Event: 0.043 Loaded shared library c:\Users\sarth\.vscode\extensions\redhat.java-1.30.0-win32-x64\jre\17.0.10-win32-x86_64\bin\java.dll

Deoptimization events (0 events):
No events

Classes unloaded (0 events):
No events

Classes redefined (0 events):
No events

Internal exceptions (0 events):
No events

VM Operations (0 events):
No events

Events (20 events):
Event: 0.093 loading class java/lang/Long
Event: 0.093 loading class java/lang/Long done
Event: 0.093 loading class java/util/Iterator
Event: 0.094 loading class java/util/Iterator done
Event: 0.094 loading class java/lang/reflect/RecordComponent
Event: 0.094 loading class java/lang/reflect/RecordComponent done
Event: 0.094 loading class jdk/internal/vm/vector/VectorSupport
Event: 0.094 loading class jdk/internal/vm/vector/VectorSupport done
Event: 0.094 loading class jdk/internal/vm/vector/VectorSupport$VectorPayload
Event: 0.094 loading class jdk/internal/vm/vector/VectorSupport$VectorPayload done
Event: 0.094 loading class jdk/internal/vm/vector/VectorSupport$Vector
Event: 0.094 loading class jdk/internal/vm/vector/VectorSupport$Vector done
Event: 0.094 loading class jdk/internal/vm/vector/VectorSupport$VectorMask
Event: 0.094 loading class jdk/internal/vm/vector/VectorSupport$VectorMask done
Event: 0.094 loading class jdk/internal/vm/vector/VectorSupport$VectorShuffle
Event: 0.094 loading class jdk/internal/vm/vector/VectorSupport$VectorShuffle done
Event: 0.100 loading class java/lang/NullPointerException
Event: 0.100 loading class java/lang/NullPointerException done
Event: 0.100 loading class java/lang/ArithmeticException
Event: 0.100 loading class java/lang/ArithmeticException done


Dynamic libraries:
0x00007ff718720000 - 0x00007ff71872e000 	c:\Users\sarth\.vscode\extensions\redhat.java-1.30.0-win32-x64\jre\17.0.10-win32-x86_64\bin\java.exe
0x00007ffd987d0000 - 0x00007ffd989e6000 	C:\WINDOWS\SYSTEM32\ntdll.dll
0x00007ffd96990000 - 0x00007ffd96a54000 	C:\WINDOWS\System32\KERNEL32.DLL
0x00007ffd95f70000 - 0x00007ffd96317000 	C:\WINDOWS\System32\KERNELBASE.dll
0x00007ffd95c80000 - 0x00007ffd95d91000 	C:\WINDOWS\System32\ucrtbase.dll
0x00007ffd724e0000 - 0x00007ffd724f7000 	c:\Users\sarth\.vscode\extensions\redhat.java-1.30.0-win32-x64\jre\17.0.10-win32-x86_64\bin\jli.dll
0x00007ffd967e0000 - 0x00007ffd9698e000 	C:\WINDOWS\System32\USER32.dll
0x00007ffd72120000 - 0x00007ffd7213b000 	c:\Users\sarth\.vscode\extensions\redhat.java-1.30.0-win32-x64\jre\17.0.10-win32-x86_64\bin\VCRUNTIME140.dll
0x00007ffd95da0000 - 0x00007ffd95dc6000 	C:\WINDOWS\System32\win32u.dll
0x00007ffd97040000 - 0x00007ffd97069000 	C:\WINDOWS\System32\GDI32.dll
0x00007ffd77630000 - 0x00007ffd778c3000 	C:\WINDOWS\WinSxS\amd64_microsoft.windows.common-controls_6595b64144ccf1df_6.0.22621.3235_none_270f74e173860f98\COMCTL32.dll
0x00007ffd95e50000 - 0x00007ffd95f69000 	C:\WINDOWS\System32\gdi32full.dll
0x00007ffd966d0000 - 0x00007ffd96777000 	C:\WINDOWS\System32\msvcrt.dll
0x00007ffd95b20000 - 0x00007ffd95bba000 	C:\WINDOWS\System32\msvcp_win.dll
0x00007ffd983f0000 - 0x00007ffd98421000 	C:\WINDOWS\System32\IMM32.DLL
0x00007ffd73ac0000 - 0x00007ffd73acc000 	c:\Users\sarth\.vscode\extensions\redhat.java-1.30.0-win32-x64\jre\17.0.10-win32-x86_64\bin\vcruntime140_1.dll
0x00007ffd4fa80000 - 0x00007ffd4fb0d000 	c:\Users\sarth\.vscode\extensions\redhat.java-1.30.0-win32-x64\jre\17.0.10-win32-x86_64\bin\msvcp140.dll
0x00007ffd4c150000 - 0x00007ffd4cdb2000 	c:\Users\sarth\.vscode\extensions\redhat.java-1.30.0-win32-x64\jre\17.0.10-win32-x86_64\bin\server\jvm.dll
0x00007ffd96f20000 - 0x00007ffd96fd2000 	C:\WINDOWS\System32\ADVAPI32.dll
0x00007ffd97fb0000 - 0x00007ffd98058000 	C:\WINDOWS\System32\sechost.dll
0x00007ffd95af0000 - 0x00007ffd95b18000 	C:\WINDOWS\System32\bcrypt.dll
0x00007ffd96a60000 - 0x00007ffd96b75000 	C:\WINDOWS\System32\RPCRT4.dll
0x00007ffd959c0000 - 0x00007ffd95a0d000 	C:\WINDOWS\SYSTEM32\POWRPROF.dll
0x00007ffd8c910000 - 0x00007ffd8c944000 	C:\WINDOWS\SYSTEM32\WINMM.dll
0x00007ffd8fe30000 - 0x00007ffd8fe3a000 	C:\WINDOWS\SYSTEM32\VERSION.dll
0x00007ffd8c950000 - 0x00007ffd8c959000 	C:\WINDOWS\SYSTEM32\WSOCK32.dll
0x00007ffd98710000 - 0x00007ffd98781000 	C:\WINDOWS\System32\WS2_32.dll
0x00007ffd959a0000 - 0x00007ffd959b3000 	C:\WINDOWS\SYSTEM32\UMPDC.dll
0x00007ffd94a90000 - 0x00007ffd94aa8000 	C:\WINDOWS\SYSTEM32\kernel.appcore.dll
0x00007ffd732c0000 - 0x00007ffd732ca000 	c:\Users\sarth\.vscode\extensions\redhat.java-1.30.0-win32-x64\jre\17.0.10-win32-x86_64\bin\jimage.dll
0x00007ffd88930000 - 0x00007ffd88b63000 	C:\WINDOWS\SYSTEM32\DBGHELP.DLL
0x00007ffd98060000 - 0x00007ffd983e8000 	C:\WINDOWS\System32\combase.dll
0x00007ffd98630000 - 0x00007ffd98707000 	C:\WINDOWS\System32\OLEAUT32.dll
0x00007ffd85350000 - 0x00007ffd85382000 	C:\WINDOWS\SYSTEM32\dbgcore.DLL
0x00007ffd95dd0000 - 0x00007ffd95e49000 	C:\WINDOWS\System32\bcryptPrimitives.dll
0x00007ffd73020000 - 0x00007ffd7302e000 	c:\Users\sarth\.vscode\extensions\redhat.java-1.30.0-win32-x64\jre\17.0.10-win32-x86_64\bin\instrument.dll
0x00007ffd57e40000 - 0x00007ffd57e65000 	c:\Users\sarth\.vscode\extensions\redhat.java-1.30.0-win32-x64\jre\17.0.10-win32-x86_64\bin\java.dll
0x00007ffd71a10000 - 0x00007ffd71a28000 	c:\Users\sarth\.vscode\extensions\redhat.java-1.30.0-win32-x64\jre\17.0.10-win32-x86_64\bin\zip.dll

dbghelp: loaded successfully - version: 4.0.5 - missing functions: none
symbol engine: initialized successfully - sym options: 0x614 - pdb path: .;c:\Users\sarth\.vscode\extensions\redhat.java-1.30.0-win32-x64\jre\17.0.10-win32-x86_64\bin;C:\WINDOWS\SYSTEM32;C:\WINDOWS\WinSxS\amd64_microsoft.windows.common-controls_6595b64144ccf1df_6.0.22621.3235_none_270f74e173860f98;c:\Users\sarth\.vscode\extensions\redhat.java-1.30.0-win32-x64\jre\17.0.10-win32-x86_64\bin\server

VM Arguments:
jvm_args: --add-modules=ALL-SYSTEM --add-opens=java.base/java.util=ALL-UNNAMED --add-opens=java.base/java.lang=ALL-UNNAMED --add-opens=java.base/sun.nio.fs=ALL-UNNAMED -Declipse.application=org.eclipse.jdt.ls.core.id1 -Dosgi.bundles.defaultStartLevel=4 -Declipse.product=org.eclipse.jdt.ls.core.product -Djava.import.generatesMetadataFilesAtProjectRoot=false -DDetectVMInstallationsJob.disabled=true -Dfile.encoding=utf8 -XX:+UseParallelGC -XX:GCTimeRatio=4 -XX:AdaptiveSizePolicyWeight=90 -Dsun.zip.disableMemoryMapping=true -Xmx1G -Xms100m -Xlog:disable -javaagent:c:\Users\sarth\.vscode\extensions\redhat.java-1.30.0-win32-x64\lombok\lombok-1.18.32.jar 
java_command: c:\Users\sarth\.vscode\extensions\redhat.java-1.30.0-win32-x64\server\plugins\org.eclipse.equinox.launcher_1.6.800.v20240330-1250.jar -configuration c:\Users\sarth\AppData\Roaming\Code\User\globalStorage\redhat.java\1.30.0\config_ss_win -data c:\Users\sarth\AppData\Roaming\Code\User\workspaceStorage\bcd0c19d97ed79787fdf02956d3a4187\redhat.java\ss_ws --pipe=\\.\pipe\lsp-5fc6753cdbc4de8089dc3416977ded60-sock
java_class_path (initial): c:\Users\sarth\.vscode\extensions\redhat.java-1.30.0-win32-x64\server\plugins\org.eclipse.equinox.launcher_1.6.800.v20240330-1250.jar
Launcher Type: SUN_STANDARD

[Global flags]
    uintx AdaptiveSizePolicyWeight                 = 90                                        {product} {command line}
     intx CICompilerCount                          = 4                                         {product} {ergonomic}
    uintx GCTimeRatio                              = 4                                         {product} {command line}
   size_t InitialHeapSize                          = 104857600                                 {product} {command line}
   size_t MaxHeapSize                              = 1073741824                                {product} {command line}
   size_t MaxNewSize                               = 357564416                                 {product} {ergonomic}
   size_t MinHeapDeltaBytes                        = 524288                                    {product} {ergonomic}
   size_t MinHeapSize                              = 104857600                                 {product} {command line}
   size_t NewSize                                  = 34603008                                  {product} {ergonomic}
    uintx NonNMethodCodeHeapSize                   = 5839372                                {pd product} {ergonomic}
    uintx NonProfiledCodeHeapSize                  = 122909434                              {pd product} {ergonomic}
   size_t OldSize                                  = 70254592                                  {product} {ergonomic}
    uintx ProfiledCodeHeapSize                     = 122909434                              {pd product} {ergonomic}
    uintx ReservedCodeCacheSize                    = 251658240                              {pd product} {ergonomic}
     bool SegmentedCodeCache                       = true                                      {product} {ergonomic}
   size_t SoftMaxHeapSize                          = 1073741824                             {manageable} {ergonomic}
     bool UseCompressedClassPointers               = true                           {product lp64_product} {ergonomic}
     bool UseCompressedOops                        = true                           {product lp64_product} {ergonomic}
     bool UseLargePagesIndividualAllocation        = false                                  {pd product} {ergonomic}
     bool UseParallelGC                            = true                                      {product} {command line}

Logging:
Log output configuration:
 #0: stdout all=off uptime,level,tags
 #1: stderr all=off uptime,level,tags

Environment Variables:
PATH=C:\Program Files (x86)\Common Files\Intel\Shared Libraries\redist\intel64\compiler;C:\Program Files\Common Files\Oracle\Java\javapath;C:\Program Files (x86)\Common Files\Oracle\Java\javapath;C:\Python311\Scripts\;C:\Python311\;C:\windows\system32;C:\windows;C:\windows\System32\Wbem;C:\windows\System32\WindowsPowerShell\v1.0\;C:\windows\System32\OpenSSH\;C:\Program Files (x86)\NVIDIA Corporation\PhysX\Common;C:\Program Files\NVIDIA Corporation\NVIDIA NvDLISR;C:\WINDOWS\system32;C:\WINDOWS;C:\WINDOWS\System32\Wbem;C:\WINDOWS\System32\WindowsPowerShell\v1.0\;C:\WINDOWS\System32\OpenSSH\;C:\MinGW\bin;C:\Program Files\Git\cmd;C:\Program Files\nodejs\;C:\ProgramData\chocolatey\bin;C:\Program Files\MySQL\MySQL Server 8.0\bin;C:\Program Files\MySQL\MySQL Shell 8.0\bin\;C:\Users\sarth\AppData\Local\Microsoft\WindowsApps;D:\Microsoft VS Code\bin;C:\Users\sarth\AppData\Roaming\npm;D:\flutter\flutter\bin;;D:\New folder (2)\IntelliJ IDEA Community Edition 2023.3.4\bin;
USERNAME=sarth
OS=Windows_NT
PROCESSOR_IDENTIFIER=AMD64 Family 25 Model 80 Stepping 0, AuthenticAMD
TMP=C:\Users\sarth\AppData\Local\Temp
TEMP=C:\Users\sarth\AppData\Local\Temp



Periodic native trim disabled


---------------  S Y S T E M  ---------------

OS:
 Windows 11 , 64 bit Build 22621 (10.0.22621.3374)
OS uptime: 14 days 12:22 hours
Hyper-V role detected

CPU: total 12 (initial active 12) (12 cores per cpu, 2 threads per core) family 25 model 80 stepping 0 microcode 0x0, cx8, cmov, fxsr, ht, mmx, 3dnowpref, sse, sse2, sse3, ssse3, sse4a, sse4.1, sse4.2, popcnt, lzcnt, tsc, tscinvbit, avx, avx2, aes, erms, clmul, bmi1, bmi2, adx, sha, fma, vzeroupper, clflush, clflushopt, hv
Processor Information for processor 0
  Max Mhz: 3301, Current Mhz: 3301, Mhz Limit: 3301
Processor Information for processor 1
  Max Mhz: 3301, Current Mhz: 3301, Mhz Limit: 3301
Processor Information for processor 2
  Max Mhz: 3301, Current Mhz: 3301, Mhz Limit: 3301
Processor Information for processor 3
  Max Mhz: 3301, Current Mhz: 3301, Mhz Limit: 3301
Processor Information for processor 4
  Max Mhz: 3301, Current Mhz: 3301, Mhz Limit: 3301
Processor Information for processor 5
  Max Mhz: 3301, Current Mhz: 3301, Mhz Limit: 3301
Processor Information for processor 6
  Max Mhz: 3301, Current Mhz: 3301, Mhz Limit: 3301
Processor Information for processor 7
  Max Mhz: 3301, Current Mhz: 2011, Mhz Limit: 3301
Processor Information for processor 8
  Max Mhz: 3301, Current Mhz: 3301, Mhz Limit: 3301
Processor Information for processor 9
  Max Mhz: 3301, Current Mhz: 2011, Mhz Limit: 3301
Processor Information for processor 10
  Max Mhz: 3301, Current Mhz: 3301, Mhz Limit: 3301
Processor Information for processor 11
  Max Mhz: 3301, Current Mhz: 3301, Mhz Limit: 3301

Memory: 4k page, system-wide physical 7521M (315M free)
TotalPageFile size 31073M (AvailPageFile size 16M)
current process WorkingSet (physical memory assigned to process): 16M, peak: 16M
current process commit charge ("private bytes"): 180M, peak: 181M

vm_info: OpenJDK 64-Bit Server VM (17.0.10+7) for windows-amd64 JRE (17.0.10+7), built on Jan 16 2024 23:25:11 by "admin" with MS VC++ 16.10 / 16.11 (VS2019)

END.
